#
# There is insufficient memory for the Java Runtime Environment to continue.
# Native memory allocation (mmap) failed to map 99614720 bytes for committing reserved memory.
# Possible reasons:
#   The system is out of physical RAM or swap space
#   The process is running with CompressedOops enabled, and the Java Heap may be blocking the growth of the native heap
# Possible solutions:
#   Reduce memory load on the system
#   Increase physical memory or swap space
#   Check if swap backing store is full
#   Decrease Java heap size (-Xmx/-Xms)
#   Decrease number of Java threads
#   Decrease Java thread stack sizes (-Xss)
#   Set larger code cache with -XX:ReservedCodeCacheSize=
#   JVM is running with Unscaled Compressed Oops mode in which the Java heap is
#     placed in the first 4GB address space. The Java Heap base address is the
#     maximum limit for the native heap growth. Please use -XX:HeapBaseMinAddress
#     to set the Java Heap base and to place the Java Heap above 4GB virtual address.
# This output file may be truncated or incomplete.
#
#  Out of Memory Error (os_linux.cpp:2792), pid=31696, tid=0x00007f8f43bfb700
#
# JRE version: OpenJDK Runtime Environment (8.0_265-b01) (build 1.8.0_265-8u265-b01-0ubuntu2~18.04-b01)
# Java VM: OpenJDK 64-Bit Server VM (25.265-b01 mixed mode linux-amd64 compressed oops)
# Failed to write core dump. Core dumps have been disabled. To enable core dumping, try "ulimit -c unlimited" before starting Java again
#

---------------  T H R E A D  ---------------

Current thread (0x00007f8f580fc000):  VMThread [stack: 0x00007f8f43afc000,0x00007f8f43bfc000] [id=31701]

Stack: [0x00007f8f43afc000,0x00007f8f43bfc000],  sp=0x00007f8f43bfa380,  free space=1016k
Native frames: (J=compiled Java code, j=interpreted, Vv=VM code, C=native code)
V  [libjvm.so+0xabaae2]
V  [libjvm.so+0x4de3f7]
V  [libjvm.so+0x8f0560]
V  [libjvm.so+0x8e74be]
V  [libjvm.so+0x96eb16]
V  [libjvm.so+0x96fe88]
V  [libjvm.so+0x96c1d6]
V  [libjvm.so+0x96c56c]
V  [libjvm.so+0x91ae28]
V  [libjvm.so+0xabc812]
V  [libjvm.so+0xac11b6]
V  [libjvm.so+0xabf14e]
V  [libjvm.so+0xabfd5b]
V  [libjvm.so+0xac0198]
V  [libjvm.so+0x8ed782]

VM_Operation (0x00007f8f620cb670): ParallelGCFailedAllocation, mode: safepoint, requested by thread 0x00007f8f5800b000


---------------  P R O C E S S  ---------------

Java Threads: ( => current thread )
  0x00007f8f58144800 JavaThread "Service Thread" daemon [_thread_blocked, id=31707, stack(0x00007f8f431e7000,0x00007f8f432e8000)]
  0x00007f8f58142000 JavaThread "C1 CompilerThread1" daemon [_thread_blocked, id=31706, stack(0x00007f8f432e9000,0x00007f8f433e9000)]
  0x00007f8f5813f000 JavaThread "C2 CompilerThread0" daemon [_thread_blocked, id=31705, stack(0x00007f8f433ea000,0x00007f8f434ea000)]
  0x00007f8f5813b000 JavaThread "Signal Dispatcher" daemon [_thread_blocked, id=31704, stack(0x00007f8f434ea000,0x00007f8f435eb000)]
  0x00007f8f5810a000 JavaThread "Finalizer" daemon [_thread_blocked, id=31703, stack(0x00007f8f438f9000,0x00007f8f439fa000)]
  0x00007f8f58105800 JavaThread "Reference Handler" daemon [_thread_blocked, id=31702, stack(0x00007f8f439fa000,0x00007f8f43afb000)]
  0x00007f8f5800b000 JavaThread "main" [_thread_blocked, id=31698, stack(0x00007f8f61fd1000,0x00007f8f620d1000)]

Other Threads:
=>0x00007f8f580fc000 VMThread [stack: 0x00007f8f43afc000,0x00007f8f43bfc000] [id=31701]
  0x00007f8f58147000 WatcherThread [stack: 0x00007f8f430e7000,0x00007f8f431e7000] [id=31708]

VM state:at safepoint (normal execution)

VM Mutex/Monitor currently owned by a thread:  ([mutex/lock_event])
[0x00007f8f58007db0] Threads_lock - owner thread: 0x00007f8f580fc000
[0x00007f8f580082b0] Heap_lock - owner thread: 0x00007f8f5800b000

heap address: 0x00000000c2400000, size: 988 MB, Compressed Oops mode: 32-bit
Narrow klass base: 0x0000000000000000, Narrow klass shift: 3
Compressed class space size: 1073741824 Address: 0x0000000100000000

Heap:
 PSYoungGen      total 210944K, used 7608K [0x00000000eb700000, 0x00000000f8f00000, 0x0000000100000000)
  eden space 200704K, 0% used [0x00000000eb700000,0x00000000eb700000,0x00000000f7b00000)
  from space 10240K, 74% used [0x00000000f7b00000,0x00000000f826e140,0x00000000f8500000)
  to   space 9728K, 0% used [0x00000000f8580000,0x00000000f8580000,0x00000000f8f00000)
 ParOldGen       total 38400K, used 13904K [0x00000000c2400000, 0x00000000c4980000, 0x00000000eb700000)
  object space 38400K, 36% used [0x00000000c2400000,0x00000000c3194240,0x00000000c4980000)
 Metaspace       used 26503K, capacity 26890K, committed 27264K, reserved 1073152K
  class space    used 3013K, capacity 3149K, committed 3200K, reserved 1048576K

Card table byte_map: [0x00007f8f5e380000,0x00007f8f5e56f000] byte_map_base: 0x00007f8f5dd6e000

Marking Bits: (ParMarkBitMap*) 0x00007f8f61277520
 Begin Bits: [0x00007f8f5c154000, 0x00007f8f5d0c4000)
 End Bits:   [0x00007f8f5d0c4000, 0x00007f8f5e034000)

Polling page: 0x00007f8f620f8000

CodeCache: size=245760Kb used=12140Kb max_used=12157Kb free=233619Kb
 bounds [0x00007f8f49000000, 0x00007f8f49bf0000, 0x00007f8f58000000]
 total_blobs=3849 nmethods=3456 adapters=307
 compilation: enabled

Compilation events (10 events):
Event: 10.718 Thread 0x00007f8f5813f000 3588       4       javassist.CtClassType::subtypeOf (150 bytes)
Event: 10.727 Thread 0x00007f8f58142000 3589       3       javassist.bytecode.StackMapTable$Walker::stackMapFrames (174 bytes)
Event: 10.727 Thread 0x00007f8f58142000 nmethod 3589 0x00007f8f49bd4610 code [0x00007f8f49bd4840, 0x00007f8f49bd5158]
Event: 10.798 Thread 0x00007f8f5813f000 nmethod 3588 0x00007f8f49be34d0 code [0x00007f8f49be39a0, 0x00007f8f49be6ee0]
Event: 10.798 Thread 0x00007f8f5813f000 3590 %     4       java.util.ComparableTimSort::binarySort @ 72 (223 bytes)
Event: 10.818 Thread 0x00007f8f5813f000 nmethod 3590% 0x00007f8f49bdf250 code [0x00007f8f49bdf400, 0x00007f8f49bdfbf8]
Event: 10.841 Thread 0x00007f8f58142000 3591       3       javassist.compiler.ast.Member::accept (6 bytes)
Event: 10.841 Thread 0x00007f8f58142000 nmethod 3591 0x00007f8f49bce6d0 code [0x00007f8f49bce840, 0x00007f8f49bcea68]
Event: 10.842 Thread 0x00007f8f5813f000 3592 %     4       javassist.bytecode.stackmap.MapMaker::fixTypes @ 18 (133 bytes)
Event: 10.899 Thread 0x00007f8f5813f000 nmethod 3592% 0x00007f8f49bdd250 code [0x00007f8f49bdd3e0, 0x00007f8f49bdd908]

GC Heap History (10 events):
Event: 4.247 GC heap after
Heap after GC invocations=7 (full 0):
 PSYoungGen      total 68608K, used 5090K [0x00000000eb700000, 0x00000000f4000000, 0x0000000100000000)
  eden space 63488K, 0% used [0x00000000eb700000,0x00000000eb700000,0x00000000ef500000)
  from space 5120K, 99% used [0x00000000ef500000,0x00000000ef9f8a00,0x00000000efa00000)
  to   space 6656K, 0% used [0x00000000f3980000,0x00000000f3980000,0x00000000f4000000)
 ParOldGen       total 42496K, used 6771K [0x00000000c2400000, 0x00000000c4d80000, 0x00000000eb700000)
  object space 42496K, 15% used [0x00000000c2400000,0x00000000c2a9ce90,0x00000000c4d80000)
 Metaspace       used 18326K, capacity 18640K, committed 18816K, reserved 1067008K
  class space    used 2071K, capacity 2174K, committed 2176K, reserved 1048576K
}
Event: 4.834 GC heap before
{Heap before GC invocations=8 (full 0):
 PSYoungGen      total 68608K, used 68578K [0x00000000eb700000, 0x00000000f4000000, 0x0000000100000000)
  eden space 63488K, 100% used [0x00000000eb700000,0x00000000ef500000,0x00000000ef500000)
  from space 5120K, 99% used [0x00000000ef500000,0x00000000ef9f8a00,0x00000000efa00000)
  to   space 6656K, 0% used [0x00000000f3980000,0x00000000f3980000,0x00000000f4000000)
 ParOldGen       total 42496K, used 6771K [0x00000000c2400000, 0x00000000c4d80000, 0x00000000eb700000)
  object space 42496K, 15% used [0x00000000c2400000,0x00000000c2a9ce90,0x00000000c4d80000)
 Metaspace       used 19317K, capacity 19606K, committed 19712K, reserved 1067008K
  class space    used 2148K, capacity 2239K, committed 2304K, reserved 1048576K
Event: 4.858 GC heap after
Heap after GC invocations=8 (full 0):
 PSYoungGen      total 132096K, used 6633K [0x00000000eb700000, 0x00000000f4300000, 0x0000000100000000)
  eden space 125440K, 0% used [0x00000000eb700000,0x00000000eb700000,0x00000000f3180000)
  from space 6656K, 99% used [0x00000000f3980000,0x00000000f3ffa6e8,0x00000000f4000000)
  to   space 8192K, 0% used [0x00000000f3180000,0x00000000f3180000,0x00000000f3980000)
 ParOldGen       total 42496K, used 8009K [0x00000000c2400000, 0x00000000c4d80000, 0x00000000eb700000)
  object space 42496K, 18% used [0x00000000c2400000,0x00000000c2bd27e8,0x00000000c4d80000)
 Metaspace       used 19317K, capacity 19606K, committed 19712K, reserved 1067008K
  class space    used 2148K, capacity 2239K, committed 2304K, reserved 1048576K
}
Event: 5.620 GC heap before
{Heap before GC invocations=9 (full 0):
 PSYoungGen      total 132096K, used 132073K [0x00000000eb700000, 0x00000000f4300000, 0x0000000100000000)
  eden space 125440K, 100% used [0x00000000eb700000,0x00000000f3180000,0x00000000f3180000)
  from space 6656K, 99% used [0x00000000f3980000,0x00000000f3ffa6e8,0x00000000f4000000)
  to   space 8192K, 0% used [0x00000000f3180000,0x00000000f3180000,0x00000000f3980000)
 ParOldGen       total 42496K, used 8009K [0x00000000c2400000, 0x00000000c4d80000, 0x00000000eb700000)
  object space 42496K, 18% used [0x00000000c2400000,0x00000000c2bd27e8,0x00000000c4d80000)
 Metaspace       used 19857K, capacity 20150K, committed 20224K, reserved 1067008K
  class space    used 2158K, capacity 2271K, committed 2304K, reserved 1048576K
Event: 5.659 GC heap after
Heap after GC invocations=9 (full 0):
 PSYoungGen      total 133632K, used 8178K [0x00000000eb700000, 0x00000000f9000000, 0x0000000100000000)
  eden space 125440K, 0% used [0x00000000eb700000,0x00000000eb700000,0x00000000f3180000)
  from space 8192K, 99% used [0x00000000f3180000,0x00000000f397cbb8,0x00000000f3980000)
  to   space 10752K, 0% used [0x00000000f8580000,0x00000000f8580000,0x00000000f9000000)
 ParOldGen       total 42496K, used 11554K [0x00000000c2400000, 0x00000000c4d80000, 0x00000000eb700000)
  object space 42496K, 27% used [0x00000000c2400000,0x00000000c2f489d8,0x00000000c4d80000)
 Metaspace       used 19857K, capacity 20150K, committed 20224K, reserved 1067008K
  class space    used 2158K, capacity 2271K, committed 2304K, reserved 1048576K
}
Event: 7.154 GC heap before
{Heap before GC invocations=10 (full 0):
 PSYoungGen      total 133632K, used 69721K [0x00000000eb700000, 0x00000000f9000000, 0x0000000100000000)
  eden space 125440K, 49% used [0x00000000eb700000,0x00000000ef319928,0x00000000f3180000)
  from space 8192K, 99% used [0x00000000f3180000,0x00000000f397cbb8,0x00000000f3980000)
  to   space 10752K, 0% used [0x00000000f8580000,0x00000000f8580000,0x00000000f9000000)
 ParOldGen       total 42496K, used 11554K [0x00000000c2400000, 0x00000000c4d80000, 0x00000000eb700000)
  object space 42496K, 27% used [0x00000000c2400000,0x00000000c2f489d8,0x00000000c4d80000)
 Metaspace       used 20746K, capacity 21058K, committed 21296K, reserved 1069056K
  class space    used 2304K, capacity 2401K, committed 2432K, reserved 1048576K
Event: 7.166 GC heap after
Heap after GC invocations=10 (full 0):
 PSYoungGen      total 210432K, used 5148K [0x00000000eb700000, 0x00000000f8f00000, 0x0000000100000000)
  eden space 200704K, 0% used [0x00000000eb700000,0x00000000eb700000,0x00000000f7b00000)
  from space 9728K, 52% used [0x00000000f8580000,0x00000000f8a87060,0x00000000f8f00000)
  to   space 10240K, 0% used [0x00000000f7b00000,0x00000000f7b00000,0x00000000f8500000)
 ParOldGen       total 42496K, used 13710K [0x00000000c2400000, 0x00000000c4d80000, 0x00000000eb700000)
  object space 42496K, 32% used [0x00000000c2400000,0x00000000c3163bb8,0x00000000c4d80000)
 Metaspace       used 20746K, capacity 21058K, committed 21296K, reserved 1069056K
  class space    used 2304K, capacity 2401K, committed 2432K, reserved 1048576K
}
Event: 7.166 GC heap before
{Heap before GC invocations=11 (full 1):
 PSYoungGen      total 210432K, used 5148K [0x00000000eb700000, 0x00000000f8f00000, 0x0000000100000000)
  eden space 200704K, 0% used [0x00000000eb700000,0x00000000eb700000,0x00000000f7b00000)
  from space 9728K, 52% used [0x00000000f8580000,0x00000000f8a87060,0x00000000f8f00000)
  to   space 10240K, 0% used [0x00000000f7b00000,0x00000000f7b00000,0x00000000f8500000)
 ParOldGen       total 42496K, used 13710K [0x00000000c2400000, 0x00000000c4d80000, 0x00000000eb700000)
  object space 42496K, 32% used [0x00000000c2400000,0x00000000c3163bb8,0x00000000c4d80000)
 Metaspace       used 20746K, capacity 21058K, committed 21296K, reserved 1069056K
  class space    used 2304K, capacity 2401K, committed 2432K, reserved 1048576K
Event: 7.238 GC heap after
Heap after GC invocations=11 (full 1):
 PSYoungGen      total 210432K, used 0K [0x00000000eb700000, 0x00000000f8f00000, 0x0000000100000000)
  eden space 200704K, 0% used [0x00000000eb700000,0x00000000eb700000,0x00000000f7b00000)
  from space 9728K, 0% used [0x00000000f8580000,0x00000000f8580000,0x00000000f8f00000)
  to   space 10240K, 0% used [0x00000000f7b00000,0x00000000f7b00000,0x00000000f8500000)
 ParOldGen       total 38400K, used 13896K [0x00000000c2400000, 0x00000000c4980000, 0x00000000eb700000)
  object space 38400K, 36% used [0x00000000c2400000,0x00000000c3192240,0x00000000c4980000)
 Metaspace       used 20727K, capacity 21028K, committed 21296K, reserved 1069056K
  class space    used 2301K, capacity 2396K, committed 2432K, reserved 1048576K
}
Event: 10.934 GC heap before
{Heap before GC invocations=12 (full 1):
 PSYoungGen      total 210432K, used 200704K [0x00000000eb700000, 0x00000000f8f00000, 0x0000000100000000)
  eden space 200704K, 100% used [0x00000000eb700000,0x00000000f7b00000,0x00000000f7b00000)
  from space 9728K, 0% used [0x00000000f8580000,0x00000000f8580000,0x00000000f8f00000)
  to   space 10240K, 0% used [0x00000000f7b00000,0x00000000f7b00000,0x00000000f8500000)
 ParOldGen       total 38400K, used 13896K [0x00000000c2400000, 0x00000000c4980000, 0x00000000eb700000)
  object space 38400K, 36% used [0x00000000c2400000,0x00000000c3192240,0x00000000c4980000)
 Metaspace       used 26503K, capacity 26890K, committed 27264K, reserved 1073152K
  class space    used 3013K, capacity 3149K, committed 3200K, reserved 1048576K

Deoptimization events (10 events):
Event: 9.177 Thread 0x00007f8f5800b000 Uncommon trap: reason=unstable_if action=reinterpret pc=0x00007f8f495b8328 method=sun.util.calendar.ZoneInfo.getOffsets(J[II)I @ 4
Event: 9.177 Thread 0x00007f8f5800b000 Uncommon trap: reason=unstable_if action=reinterpret pc=0x00007f8f49607a74 method=sun.util.calendar.ZoneInfo.getOffsets(J[II)I @ 4
Event: 9.260 Thread 0x00007f8f5800b000 Uncommon trap: reason=bimorphic action=maybe_recompile pc=0x00007f8f495c0328 method=sun.util.calendar.CalendarDate.getDayOfWeek()I @ 1
Event: 9.618 Thread 0x00007f8f5800b000 Uncommon trap: reason=unstable_if action=reinterpret pc=0x00007f8f49aaf314 method=org.mockito.asm.Type.getDescriptor(Ljava/lang/StringBuffer;Ljava/lang/Class;)V @ 127
Event: 9.717 Thread 0x00007f8f5800b000 Uncommon trap: reason=array_check action=maybe_recompile pc=0x00007f8f49af5e4c method=java.util.AbstractCollection.toArray([Ljava/lang/Object;)[Ljava/lang/Object; @ 119
Event: 9.719 Thread 0x00007f8f5800b000 Uncommon trap: reason=array_check action=maybe_recompile pc=0x00007f8f49af5e4c method=java.util.AbstractCollection.toArray([Ljava/lang/Object;)[Ljava/lang/Object; @ 119
Event: 9.724 Thread 0x00007f8f5800b000 Uncommon trap: reason=array_check action=maybe_recompile pc=0x00007f8f49af5e4c method=java.util.AbstractCollection.toArray([Ljava/lang/Object;)[Ljava/lang/Object; @ 119
Event: 9.724 Thread 0x00007f8f5800b000 Uncommon trap: reason=array_check action=maybe_recompile pc=0x00007f8f49af5e4c method=java.util.AbstractCollection.toArray([Ljava/lang/Object;)[Ljava/lang/Object; @ 119
Event: 10.440 Thread 0x00007f8f5800b000 Uncommon trap: reason=class_check action=maybe_recompile pc=0x00007f8f49163c9c method=javassist.bytecode.ClassInfo.equals(Ljava/lang/Object;)Z @ 1
Event: 10.440 Thread 0x00007f8f5800b000 Uncommon trap: reason=class_check action=maybe_recompile pc=0x00007f8f49163c9c method=javassist.bytecode.ClassInfo.equals(Ljava/lang/Object;)Z @ 1

Classes redefined (0 events):
No events

Internal exceptions (10 events):
Event: 3.155 Thread 0x00007f8f5800b000 Exception <a 'java/lang/ArrayIndexOutOfBoundsException': 42> (0x00000000ec4d5090) thrown at [/build/openjdk-8-nxKaDu/openjdk-8-8u265-b01/src/hotspot/src/share/vm/interpreter/interpreterRuntime.cpp, line 368]
Event: 3.155 Thread 0x00007f8f5800b000 Exception <a 'java/lang/ArrayIndexOutOfBoundsException': 139> (0x00000000ec4d6f60) thrown at [/build/openjdk-8-nxKaDu/openjdk-8-8u265-b01/src/hotspot/src/share/vm/interpreter/interpreterRuntime.cpp, line 368]
Event: 3.211 Thread 0x00007f8f5800b000 Exception <a 'java/lang/reflect/InvocationTargetException'> (0x00000000ec9c52a0) thrown at [/build/openjdk-8-nxKaDu/openjdk-8-8u265-b01/src/hotspot/src/share/vm/runtime/reflection.cpp, line 1092]
Event: 3.212 Thread 0x00007f8f5800b000 Exception <a 'java/lang/reflect/InvocationTargetException'> (0x00000000ec9def90) thrown at [/build/openjdk-8-nxKaDu/openjdk-8-8u265-b01/src/hotspot/src/share/vm/runtime/reflection.cpp, line 1092]
Event: 3.414 Thread 0x00007f8f5800b000 Exception <a 'java/net/UnknownHostException'> (0x00000000ecb054d0) thrown at [/build/openjdk-8-nxKaDu/openjdk-8-8u265-b01/src/hotspot/src/share/vm/prims/jni.cpp, line 711]
Event: 3.912 Thread 0x00007f8f5800b000 Exception <a 'java/lang/NoSuchFieldError': method resolution failed> (0x00000000edad7dc8) thrown at [/build/openjdk-8-nxKaDu/openjdk-8-8u265-b01/src/hotspot/src/share/vm/prims/methodHandles.cpp, line 1169]
Event: 3.913 Thread 0x00007f8f5800b000 Exception <a 'java/lang/NoSuchFieldError': method resolution failed> (0x00000000edae5488) thrown at [/build/openjdk-8-nxKaDu/openjdk-8-8u265-b01/src/hotspot/src/share/vm/prims/methodHandles.cpp, line 1169]
Event: 5.016 Thread 0x00007f8f5800b000 Implicit null exception at 0x00007f8f498b5177 to 0x00007f8f498b58cd
Event: 9.177 Thread 0x00007f8f5800b000 Implicit null exception at 0x00007f8f495b7f38 to 0x00007f8f495b8305
Event: 9.177 Thread 0x00007f8f5800b000 Implicit null exception at 0x00007f8f49606661 to 0x00007f8f49607a45

Events (10 events):
Event: 10.421 Thread 0x00007f8f5800b000 DEOPT UNPACKING pc=0x00007f8f490474c4 sp=0x00007f8f620c9740 mode 0
Event: 10.440 Thread 0x00007f8f5800b000 Uncommon trap: trap_request=0xffffffde fr.pc=0x00007f8f49163c9c
Event: 10.440 Thread 0x00007f8f5800b000 DEOPT PACKING pc=0x00007f8f49163c9c sp=0x00007f8f620cbd20
Event: 10.440 Thread 0x00007f8f5800b000 DEOPT UNPACKING pc=0x00007f8f4904547a sp=0x00007f8f620cbcd8 mode 2
Event: 10.440 Thread 0x00007f8f5800b000 Uncommon trap: trap_request=0xffffffde fr.pc=0x00007f8f49163c9c
Event: 10.440 Thread 0x00007f8f5800b000 DEOPT PACKING pc=0x00007f8f49163c9c sp=0x00007f8f620cbd20
Event: 10.440 Thread 0x00007f8f5800b000 DEOPT UNPACKING pc=0x00007f8f4904547a sp=0x00007f8f620cbcd8 mode 2
Event: 10.473 Thread 0x00007f8f5800b000 DEOPT PACKING pc=0x00007f8f4986503f sp=0x00007f8f620cc470
Event: 10.473 Thread 0x00007f8f5800b000 DEOPT UNPACKING pc=0x00007f8f490474c4 sp=0x00007f8f620cc1f8 mode 0
Event: 10.925 Executing VM operation: ParallelGCFailedAllocation


Dynamic libraries:
c2400000-c4980000 rw-p 00000000 00:00 0 
c4980000-eb700000 ---p 00000000 00:00 0 
eb700000-f8f00000 rw-p 00000000 00:00 0 
fee00000-100000000 ---p 00000000 00:00 0 
100000000-100320000 rw-p 00000000 00:00 0 
100320000-140000000 ---p 00000000 00:00 0 
558472e87000-558472e88000 r-xp 00000000 fc:01 1816964                    /usr/lib/jvm/java-8-openjdk-amd64/jre/bin/java
558473087000-558473088000 r--p 00000000 fc:01 1816964                    /usr/lib/jvm/java-8-openjdk-amd64/jre/bin/java
558473088000-558473089000 rw-p 00001000 fc:01 1816964                    /usr/lib/jvm/java-8-openjdk-amd64/jre/bin/java
558473fe5000-558474006000 rw-p 00000000 00:00 0                          [heap]
7f8f14000000-7f8f14021000 rw-p 00000000 00:00 0 
7f8f14021000-7f8f18000000 ---p 00000000 00:00 0 
7f8f18000000-7f8f18021000 rw-p 00000000 00:00 0 
7f8f18021000-7f8f1c000000 ---p 00000000 00:00 0 
7f8f1c000000-7f8f1c021000 rw-p 00000000 00:00 0 
7f8f1c021000-7f8f20000000 ---p 00000000 00:00 0 
7f8f20000000-7f8f20021000 rw-p 00000000 00:00 0 
7f8f20021000-7f8f24000000 ---p 00000000 00:00 0 
7f8f24000000-7f8f25ab6000 rw-p 00000000 00:00 0 
7f8f25ab6000-7f8f28000000 ---p 00000000 00:00 0 
7f8f28000000-7f8f28beb000 rw-p 00000000 00:00 0 
7f8f28beb000-7f8f2c000000 ---p 00000000 00:00 0 
7f8f2c000000-7f8f2c021000 rw-p 00000000 00:00 0 
7f8f2c021000-7f8f30000000 ---p 00000000 00:00 0 
7f8f30000000-7f8f30021000 rw-p 00000000 00:00 0 
7f8f30021000-7f8f34000000 ---p 00000000 00:00 0 
7f8f34000000-7f8f34021000 rw-p 00000000 00:00 0 
7f8f34021000-7f8f38000000 ---p 00000000 00:00 0 
7f8f38000000-7f8f38021000 rw-p 00000000 00:00 0 
7f8f38021000-7f8f3c000000 ---p 00000000 00:00 0 
7f8f3c000000-7f8f3c021000 rw-p 00000000 00:00 0 
7f8f3c021000-7f8f40000000 ---p 00000000 00:00 0 
7f8f40f24000-7f8f410a4000 rw-p 00000000 00:00 0 
7f8f410a4000-7f8f41124000 ---p 00000000 00:00 0 
7f8f41124000-7f8f41324000 rw-p 00000000 00:00 0 
7f8f41324000-7f8f41524000 rw-p 00000000 00:00 0 
7f8f41524000-7f8f41724000 rw-p 00000000 00:00 0 
7f8f41724000-7f8f41924000 rw-p 00000000 00:00 0 
7f8f41924000-7f8f41933000 r-xp 00000000 fc:01 25923                      /lib/x86_64-linux-gnu/libnss_myhostname.so.2
7f8f41933000-7f8f41b32000 ---p 0000f000 fc:01 25923                      /lib/x86_64-linux-gnu/libnss_myhostname.so.2
7f8f41b32000-7f8f41b35000 r--p 0000e000 fc:01 25923                      /lib/x86_64-linux-gnu/libnss_myhostname.so.2
7f8f41b35000-7f8f41b36000 rw-p 00011000 fc:01 25923                      /lib/x86_64-linux-gnu/libnss_myhostname.so.2
7f8f41b36000-7f8f41b4d000 r-xp 00000000 fc:01 47546                      /lib/x86_64-linux-gnu/libresolv-2.27.so
7f8f41b4d000-7f8f41d4d000 ---p 00017000 fc:01 47546                      /lib/x86_64-linux-gnu/libresolv-2.27.so
7f8f41d4d000-7f8f41d4e000 r--p 00017000 fc:01 47546                      /lib/x86_64-linux-gnu/libresolv-2.27.so
7f8f41d4e000-7f8f41d4f000 rw-p 00018000 fc:01 47546                      /lib/x86_64-linux-gnu/libresolv-2.27.so
7f8f41d4f000-7f8f41d51000 rw-p 00000000 00:00 0 
7f8f41d51000-7f8f41d56000 r-xp 00000000 fc:01 47529                      /lib/x86_64-linux-gnu/libnss_dns-2.27.so
7f8f41d56000-7f8f41f56000 ---p 00005000 fc:01 47529                      /lib/x86_64-linux-gnu/libnss_dns-2.27.so
7f8f41f56000-7f8f41f57000 r--p 00005000 fc:01 47529                      /lib/x86_64-linux-gnu/libnss_dns-2.27.so
7f8f41f57000-7f8f41f58000 rw-p 00006000 fc:01 47529                      /lib/x86_64-linux-gnu/libnss_dns-2.27.so
7f8f41f58000-7f8f41f5a000 r-xp 00000000 fc:01 69785                      /lib/x86_64-linux-gnu/libnss_mdns4_minimal.so.2
7f8f41f5a000-7f8f42159000 ---p 00002000 fc:01 69785                      /lib/x86_64-linux-gnu/libnss_mdns4_minimal.so.2
7f8f42159000-7f8f4215a000 r--p 00001000 fc:01 69785                      /lib/x86_64-linux-gnu/libnss_mdns4_minimal.so.2
7f8f4215a000-7f8f4215b000 rw-p 00002000 fc:01 69785                      /lib/x86_64-linux-gnu/libnss_mdns4_minimal.so.2
7f8f42181000-7f8f42184000 ---p 00000000 00:00 0 
7f8f42184000-7f8f42482000 rw-p 00000000 00:00 0 
7f8f42482000-7f8f42682000 rw-p 00000000 00:00 0 
7f8f42685000-7f8f42698000 r--s 00346000 fc:01 1822944                    /usr/lib/jvm/java-8-openjdk-amd64/jre/lib/resources.jar
7f8f42698000-7f8f4269b000 ---p 00000000 00:00 0 
7f8f4269b000-7f8f42999000 rw-p 00000000 00:00 0 
7f8f42999000-7f8f4299b000 r--s 00016000 fc:01 1822938                    /usr/lib/jvm/java-8-openjdk-amd64/jre/lib/jce.jar
7f8f4299b000-7f8f429a0000 r--s 000a7000 fc:01 1822940                    /usr/lib/jvm/java-8-openjdk-amd64/jre/lib/jsse.jar
7f8f429a0000-7f8f429a2000 r--s 0000e000 fc:01 4139008                    /home/jafa243/.m2/repository/org/apache/maven/surefire/surefire-junit4/2.16/surefire-junit4-2.16.jar
7f8f429a2000-7f8f429a3000 r--s 00000000 fc:01 4134889                    /home/jafa243/.m2/repository/org/jenkins-ci/test-annotations/1.1/test-annotations-1.1.jar
7f8f429a3000-7f8f429a4000 r--s 00000000 fc:01 4134886                    /home/jafa243/.m2/repository/org/codehaus/mojo/animal-sniffer-annotations/1.9/animal-sniffer-annotations-1.9.jar
7f8f429a4000-7f8f429a6000 r--s 00010000 fc:01 4140772                    /home/jafa243/.m2/repository/com/jcraft/jzlib/1.1.3-kohsuke-1/jzlib-1.1.3-kohsuke-1.jar
7f8f429a6000-7f8f429a9000 r--s 00006000 fc:01 4140768                    /home/jafa243/.m2/repository/com/google/code/findbugs/jsr305/1.3.9/jsr305-1.3.9.jar
7f8f429a9000-7f8f429c9000 r--s 00173000 fc:01 4140764                    /home/jafa243/.m2/repository/com/google/guava/guava/11.0.1/guava-11.0.1.jar
7f8f429c9000-7f8f429ca000 r--s 00004000 fc:01 4387919                    /home/jafa243/.m2/repository/org/mindrot/jbcrypt/0.3m/jbcrypt-0.3m.jar
7f8f429ca000-7f8f429cc000 r--s 0000f000 fc:01 4387916                    /home/jafa243/.m2/repository/commons-fileupload/commons-fileupload/1.3.1-jenkins-1/commons-fileupload-1.3.1-jenkins-1.jar
7f8f429cc000-7f8f429ce000 r--s 00005000 fc:01 4387915                    /home/jafa243/.m2/repository/findbugs/annotations/1.0.0/annotations-1.0.0.jar
7f8f429ce000-7f8f429cf000 r--s 00001000 fc:01 4387914                    /home/jafa243/.m2/repository/org/kohsuke/access-modifier-annotation/1.4/access-modifier-annotation-1.4.jar
7f8f429cf000-7f8f429d6000 r--s 0003a000 fc:01 4387913                    /home/jafa243/.m2/repository/commons-codec/commons-codec/1.8/commons-codec-1.8.jar
7f8f429d6000-7f8f429d8000 r--s 00000000 fc:01 4387908                    /home/jafa243/.m2/repository/org/jvnet/robust-http-client/robust-http-client/1.2/robust-http-client-1.2.jar
7f8f429d8000-7f8f429d9000 r--s 00001000 fc:01 4387906                    /home/jafa243/.m2/repository/org/kohsuke/metainf-services/metainf-services/1.4/metainf-services-1.4.jar
7f8f429d9000-7f8f429e0000 r--s 0005b000 fc:01 4387905                    /home/jafa243/.m2/repository/org/samba/jcifs/jcifs/1.3.17-kohsuke-1/jcifs-1.3.17-kohsuke-1.jar
7f8f429e0000-7f8f429e3000 r--s 0001a000 fc:01 4387904                    /home/jafa243/.m2/repository/org/kohsuke/jinterop/j-interopdeps/2.0.6-kohsuke-1/j-interopdeps-2.0.6-kohsuke-1.jar
7f8f429e3000-7f8f429e9000 r--s 00059000 fc:01 4387900                    /home/jafa243/.m2/repository/org/kohsuke/jinterop/j-interop/2.0.6-kohsuke-1/j-interop-2.0.6-kohsuke-1.jar
7f8f429e9000-7f8f429eb000 r--s 00006000 fc:01 4134484                    /home/jafa243/.m2/repository/net/java/sezpoz/sezpoz/1.9/sezpoz-1.9.jar
7f8f429eb000-7f8f429ec000 r--s 00001000 fc:01 4387899                    /home/jafa243/.m2/repository/com/sun/solaris/embedded_su4j/1.1/embedded_su4j-1.1.jar
7f8f429ec000-7f8f429ef000 r--s 0000d000 fc:01 4387898                    /home/jafa243/.m2/repository/org/jvnet/libzfs/libzfs/0.5/libzfs-0.5.jar
7f8f429ef000-7f8f429f0000 r--s 00004000 fc:01 4387894                    /home/jafa243/.m2/repository/org/kohsuke/libpam4j/1.8/libpam4j-1.8.jar
7f8f429f0000-7f8f429f1000 r--s 00004000 fc:01 4387893                    /home/jafa243/.m2/repository/org/kohsuke/akuma/1.9/akuma-1.9.jar
7f8f429f1000-7f8f429f5000 r--s 000dc000 fc:01 4387890                    /home/jafa243/.m2/repository/net/java/dev/jna/jna/4.1.0/jna-4.1.0.jar
7f8f429f5000-7f8f429fb000 r--s 0005a000 fc:01 4387889                    /home/jafa243/.m2/repository/org/jenkins-ci/jmdns/3.4.0-jenkins-3/jmdns-3.4.0-jenkins-3.jar
7f8f429fb000-7f8f429fd000 r--s 00005000 fc:01 4387887                    /home/jafa243/.m2/repository/stax/stax-api/1.0.1/stax-api-1.0.1.jar
7f8f429fd000-7f8f42a03000 r--s 0007a000 fc:01 4387884                    /home/jafa243/.m2/repository/org/codehaus/woodstox/wstx-asl/3.2.9/wstx-asl-3.2.9.jar
7f8f42a03000-7f8f42a05000 r--s 00003000 fc:01 4387883                    /home/jafa243/.m2/repository/org/jenkins-ci/memory-monitor/1.9/memory-monitor-1.9.jar
7f8f42a05000-7f8f42a07000 r--s 00004000 fc:01 4387881                    /home/jafa243/.m2/repository/org/jvnet/winp/winp/1.22/winp-1.22.jar
7f8f42a07000-7f8f42a15000 r--s 0007f000 fc:01 4134618                    /home/jafa243/.m2/repository/commons-collections/commons-collections/3.2.1/commons-collections-3.2.1.jar
7f8f42a15000-7f8f42a16000 r--s 00004000 fc:01 4387878                    /home/jafa243/.m2/repository/relaxngDatatype/relaxngDatatype/20020414/relaxngDatatype-20020414.jar
7f8f42a16000-7f8f42a18000 r--s 00004000 fc:01 4387860                    /home/jafa243/.m2/repository/javax/xml/stream/stax-api/1.0-2/stax-api-1.0-2.jar
7f8f42a18000-7f8f42a1b000 r--s 0000e000 fc:01 3890623                    /home/jafa243/.m2/repository/com/sun/xml/txw2/txw2/20110809/txw2-20110809.jar
7f8f42a1b000-7f8f42a1d000 r--s 0000e000 fc:01 4140539                    /home/jafa243/.m2/repository/commons-logging/commons-logging/1.1.3/commons-logging-1.1.3.jar
7f8f42a1d000-7f8f42a1f000 r--s 00003000 fc:01 4387876                    /home/jafa243/.m2/repository/javax/servlet/jstl/1.1.0/jstl-1.1.0.jar
7f8f42a1f000-7f8f42a21000 r--s 00003000 fc:01 4136933                    /home/jafa243/.m2/repository/org/powermock/powermock-api-support/1.5.6/powermock-api-support-1.5.6.jar
7f8f42a21000-7f8f42a42000 r--s 00162000 fc:01 4136931                    /home/jafa243/.m2/repository/org/mockito/mockito-all/1.9.5/mockito-all-1.9.5.jar
7f8f42a42000-7f8f42a45000 r--s 0000f000 fc:01 4136929                    /home/jafa243/.m2/repository/org/powermock/powermock-api-mockito/1.5.6/powermock-api-mockito-1.5.6.jar
7f8f42a45000-7f8f42a47000 r--s 00009000 fc:01 4136909                    /home/jafa243/.m2/repository/org/powermock/powermock-reflect/1.5.6/powermock-reflect-1.5.6.jar
7f8f42a47000-7f8f42a51000 r--s 000a5000 fc:01 4136915                    /home/jafa243/.m2/repository/org/javassist/javassist/3.18.2-GA/javassist-3.18.2-GA.jar
7f8f42a51000-7f8f42a54000 r--s 00012000 fc:01 4136917                    /home/jafa243/.m2/repository/org/powermock/powermock-core/1.5.6/powermock-core-1.5.6.jar
7f8f42a54000-7f8f42a56000 r--s 00002000 fc:01 4136905                    /home/jafa243/.m2/repository/org/powermock/powermock-module-junit4-common/1.5.6/powermock-module-junit4-common-1.5.6.jar
7f8f42a56000-7f8f42a57000 r--s 00005000 fc:01 4136901                    /home/jafa243/.m2/repository/org/powermock/powermock-module-junit4/1.5.6/powermock-module-junit4-1.5.6.jar
7f8f42a57000-7f8f42a59000 r--s 00005000 fc:01 4387873                    /home/jafa243/.m2/repository/org/objenesis/objenesis/1.0/objenesis-1.0.jar
7f8f42a59000-7f8f42a78000 r--s 00150000 fc:01 4387870                    /home/jafa243/.m2/repository/org/mockito/mockito-core/1.9.5/mockito-core-1.9.5.jar
7f8f42a78000-7f8f42a7a000 r--s 00009000 fc:01 4136953                    /home/jafa243/.m2/repository/org/hamcrest/hamcrest-core/1.3/hamcrest-core-1.3.jar
7f8f42a7a000-7f8f42a80000 r--s 00036000 fc:01 4136951                    /home/jafa243/.m2/repository/junit/junit/4.11/junit-4.11.jar
7f8f42a80000-7f8f42a83000 r--s 0001b000 fc:01 4387868                    /home/jafa243/.m2/repository/xpp3/xpp3/1.1.4c/xpp3-1.1.4c.jar
7f8f42a83000-7f8f42a8b000 r--s 00048000 fc:01 4387867                    /home/jafa243/.m2/repository/org/springframework/spring-aop/2.5.6.SEC03/spring-aop-2.5.6.SEC03.jar
7f8f42a8b000-7f8f42a91000 r--s 00040000 fc:01 4387865                    /home/jafa243/.m2/repository/org/springframework/spring-core/2.5.6.SEC03/spring-core-2.5.6.SEC03.jar
7f8f42a91000-7f8f42a96000 r--s 0002b000 fc:01 4387862                    /home/jafa243/.m2/repository/org/springframework/spring-web/2.5.6.SEC03/spring-web-2.5.6.SEC03.jar
7f8f42a96000-7f8f42a99000 r--s 00015000 fc:01 4387861                    /home/jafa243/.m2/repository/org/springframework/spring-context-support/2.5.6.SEC03/spring-context-support-2.5.6.SEC03.jar
7f8f42a99000-7f8f42aa5000 r--s 00069000 fc:01 4387859                    /home/jafa243/.m2/repository/org/springframework/spring-context/2.5.6.SEC03/spring-context-2.5.6.SEC03.jar
7f8f42aa5000-7f8f42aaf000 r--s 0006e000 fc:01 4387856                    /home/jafa243/.m2/repository/org/springframework/spring-beans/2.5.6.SEC03/spring-beans-2.5.6.SEC03.jar
7f8f42aaf000-7f8f42ab8000 r--s 0005a000 fc:01 4387855                    /home/jafa243/.m2/repository/org/springframework/spring-webmvc/2.5.6.SEC03/spring-webmvc-2.5.6.SEC03.jar
7f8f42ab8000-7f8f42aba000 r--s 0001a000 fc:01 4387854                    /home/jafa243/.m2/repository/org/fusesource/jansi/jansi/1.9/jansi-1.9.jar
7f8f42aba000-7f8f42abc000 r--s 00014000 fc:01 4134294                    /home/jafa243/.m2/repository/jline/jline/0.9.94/jline-0.9.94.jar
7f8f42abc000-7f8f42b1a000 r--s 00592000 fc:01 4387850                    /home/jafa243/.m2/repository/org/codehaus/groovy/groovy-all/1.8.9/groovy-all-1.8.9.jar
7f8f42b1a000-7f8f42b22000 r--s 0004f000 fc:01 3890552                    /home/jafa243/.m2/repository/log4j/log4j/1.2.9/log4j-1.2.9.jar
7f8f42b22000-7f8f42b24000 r--s 0000e000 fc:01 4134640                    /home/jafa243/.m2/repository/oro/oro/2.0.8/oro-2.0.8.jar
7f8f42b24000-7f8f42b28000 r--s 00014000 fc:01 4387848                    /home/jafa243/.m2/repository/org/springframework/spring-dao/1.2.9/spring-dao-1.2.9.jar
7f8f42b28000-7f8f42b2d000 r--s 00029000 fc:01 4387846                    /home/jafa243/.m2/repository/org/springframework/spring-jdbc/1.2.9/spring-jdbc-1.2.9.jar
7f8f42b2d000-7f8f42b3a000 r--s 00079000 fc:01 4140762                    /home/jafa243/.m2/repository/org/acegisecurity/acegi-security/1.0.7/acegi-security-1.0.7.jar
7f8f42b3a000-7f8f42b3e000 r--s 0001f000 fc:01 4140759                    /home/jafa243/.m2/repository/org/jenkins-ci/commons-jexl/1.1-jenkins-20111212/commons-jexl-1.1-jenkins-20111212.jar
7f8f42b3e000-7f8f42b40000 r--s 00004000 fc:01 4140751                    /home/jafa243/.m2/repository/org/jvnet/hudson/commons-jelly-tags-define/1.0.1-hudson-20071021/commons-jelly-tags-define-1.0.1-hudson-20071021.jar
7f8f42b40000-7f8f42b42000 r--s 00008000 fc:01 4140747                    /home/jafa243/.m2/repository/commons-jelly/commons-jelly-tags-xml/1.1/commons-jelly-tags-xml-1.1.jar
7f8f42b42000-7f8f42b43000 r--s 00005000 fc:01 4140745                    /home/jafa243/.m2/repository/commons-jelly/commons-jelly-tags-fmt/1.0/commons-jelly-tags-fmt-1.0.jar
7f8f42b43000-7f8f42b49000 r--s 00035000 fc:01 4140737                    /home/jafa243/.m2/repository/jaxen/jaxen/1.1-beta-11/jaxen-1.1-beta-11.jar
7f8f42b49000-7f8f42b4b000 r--s 00010000 fc:01 4140733                    /home/jafa243/.m2/repository/org/jvnet/hudson/activation/1.1.1-hudson-1/activation-1.1.1-hudson-1.jar
7f8f42b4b000-7f8f42b52000 r--s 00072000 fc:01 4140715                    /home/jafa243/.m2/repository/javax/mail/mail/1.4.4/mail-1.4.4.jar
7f8f42b52000-7f8f42b59000 r--s 00056000 fc:01 3890621                    /home/jafa243/.m2/repository/org/apache/commons/commons-compress/1.9/commons-compress-1.9.jar
7f8f42b59000-7f8f42b5e000 r--s 00034000 fc:01 4140730                    /home/jafa243/.m2/repository/commons-beanutils/commons-beanutils/1.8.3/commons-beanutils-1.8.3.jar
7f8f42b5e000-7f8f42b64000 r--s 0002b000 fc:01 4140726                    /home/jafa243/.m2/repository/commons-digester/commons-digester/2.1/commons-digester-2.1.jar
7f8f42b64000-7f8f42b69000 r--s 00041000 fc:01 4134611                    /home/jafa243/.m2/repository/commons-lang/commons-lang/2.6/commons-lang-2.6.jar
7f8f42b69000-7f8f42b6d000 r--s 0002a000 fc:01 4140720                    /home/jafa243/.m2/repository/commons-io/commons-io/2.4/commons-io-2.4.jar
7f8f42b6d000-7f8f42b6f000 r--s 00016000 fc:01 4135709                    /home/jafa243/.m2/repository/javax/servlet/servlet-api/2.4/servlet-api-2.4.jar
7f8f42b6f000-7f8f42b70000 r--s 00004000 fc:01 4140717                    /home/jafa243/.m2/repository/org/apache/ant/ant-launcher/1.8.4/ant-launcher-1.8.4.jar
7f8f42b70000-7f8f42b8e000 r--s 001bd000 fc:01 4140568                    /home/jafa243/.m2/repository/org/apache/ant/ant/1.8.4/ant-1.8.4.jar
7f8f42b8e000-7f8f42b94000 r--s 00046000 fc:01 4140707                    /home/jafa243/.m2/repository/jfree/jcommon/1.0.12/jcommon-1.0.12.jar
7f8f42b94000-7f8f42ba3000 r--s 0012d000 fc:01 4140705                    /home/jafa243/.m2/repository/jfree/jfreechart/1.0.9/jfreechart-1.0.9.jar
7f8f42ba3000-7f8f42bb1000 r--s 00075000 fc:01 4140699                    /home/jafa243/.m2/repository/org/jvnet/hudson/xstream/1.4.7-jenkins-1/xstream-1.4.7-jenkins-1.jar
7f8f42bb1000-7f8f42bb7000 r--s 00067000 fc:01 4140697                    /home/jafa243/.m2/repository/antlr/antlr/2.7.6/antlr-2.7.6.jar
7f8f42bb7000-7f8f42bb8000 r--s 00001000 fc:01 4138612                    /home/jafa243/.m2/repository/org/jvnet/localizer/localizer/1.23/localizer-1.23.jar
7f8f42bb8000-7f8f42bb9000 r--s 00004000 fc:01 4140695                    /home/jafa243/.m2/repository/org/jenkins-ci/task-reactor/1.4/task-reactor-1.4.jar
7f8f42bb9000-7f8f42bbe000 r--s 00058000 fc:01 4140693                    /home/jafa243/.m2/repository/org/kohsuke/asm5/5.0.1/asm5-5.0.1.jar
7f8f42bbe000-7f8f42bc0000 r--s 00005000 fc:01 4140689                    /home/jafa243/.m2/repository/org/jenkins-ci/bytecode-compatibility-transformer/1.5/bytecode-compatibility-transformer-1.5.jar
7f8f42bc0000-7f8f42bc1000 r--s 00003000 fc:01 4140680                    /home/jafa243/.m2/repository/org/jenkins-ci/annotation-indexer/1.7/annotation-indexer-1.7.jar
7f8f42bc1000-7f8f42bc4000 r--s 00013000 fc:01 4140678                    /home/jafa243/.m2/repository/args4j/args4j/2.0.31/args4j-2.0.31.jar
7f8f42bc4000-7f8f42bca000 r--s 00045000 fc:01 4140674                    /home/jafa243/.m2/repository/commons-httpclient/commons-httpclient/3.1/commons-httpclient-3.1.jar
7f8f42bca000-7f8f42bcd000 r--s 00013000 fc:01 4140672                    /home/jafa243/.m2/repository/net/sf/ezmorph/ezmorph/1.0.6/ezmorph-1.0.6.jar
7f8f42bcd000-7f8f42bd0000 r--s 00020000 fc:01 4140664                    /home/jafa243/.m2/repository/org/kohsuke/stapler/json-lib/2.4-jenkins-2/json-lib-2.4-jenkins-2.jar
7f8f42bd0000-7f8f42bd1000 r--s 00000000 fc:01 4140662                    /home/jafa243/.m2/repository/com/infradna/tool/bridge-method-annotation/1.13/bridge-method-annotation-1.13.jar
7f8f42bd1000-7f8f42bd4000 r--s 0002d000 fc:01 4140660                    /home/jafa243/.m2/repository/org/kohsuke/stapler/stapler-adjunct-timeline/1.4/stapler-adjunct-timeline-1.4-tests.jar
7f8f42bd4000-7f8f42bda000 r--s 0003e000 fc:01 4140658                    /home/jafa243/.m2/repository/org/kohsuke/stapler/stapler-adjunct-codemirror/1.3/stapler-adjunct-codemirror-1.3.jar
7f8f42bda000-7f8f42bde000 r--s 00025000 fc:01 4140654                    /home/jafa243/.m2/repository/org/kohsuke/stapler/stapler-adjunct-timeline/1.4/stapler-adjunct-timeline-1.4.jar
7f8f42bde000-7f8f42bdf000 r--s 00004000 fc:01 4140646                    /home/jafa243/.m2/repository/org/kohsuke/stapler/stapler-adjunct-zeroclipboard/1.3.5-1/stapler-adjunct-zeroclipboard-1.3.5-1.jar
7f8f42bdf000-7f8f42be1000 r--s 00000000 fc:01 4140642                    /home/jafa243/.m2/repository/org/kohsuke/windows-package-checker/1.0/windows-package-checker-1.0.jar
7f8f42be1000-7f8f42be3000 r--s 00003000 fc:01 4140640                    /home/jafa243/.m2/repository/org/jvnet/tiger-types/1.3/tiger-types-1.3.jar
7f8f42be3000-7f8f42be6000 r--s 00010000 fc:01 4129261                    /home/jafa243/.m2/repository/commons-discovery/commons-discovery/0.4/commons-discovery-0.4.jar
7f8f42be6000-7f8f42be8000 r--s 00005000 fc:01 4140636                    /home/jafa243/.m2/repository/javax/annotation/javax.annotation-api/1.2/javax.annotation-api-1.2.jar
7f8f42be8000-7f8f42bef000 r--s 0004f000 fc:01 4140628                    /home/jafa243/.m2/repository/org/kohsuke/stapler/stapler/1.236/stapler-1.236.jar
7f8f42bef000-7f8f42bf0000 r--s 00001000 fc:01 4140626                    /home/jafa243/.m2/repository/org/kohsuke/stapler/stapler-jrebel/1.236/stapler-jrebel-1.236.jar
7f8f42bf0000-7f8f42bf5000 r--s 0003a000 fc:01 4140622                    /home/jafa243/.m2/repository/org/jenkins-ci/dom4j/dom4j/1.6.1-jenkins-4/dom4j-1.6.1-jenkins-4.jar
7f8f42bf5000-7f8f42bf9000 r--s 00026000 fc:01 4140618                    /home/jafa243/.m2/repository/org/jenkins-ci/commons-jelly/1.1-jenkins-20120928/commons-jelly-1.1-jenkins-20120928.jar
7f8f42bf9000-7f8f42bfc000 r--s 00013000 fc:01 4140614                    /home/jafa243/.m2/repository/org/kohsuke/stapler/stapler-jelly/1.236/stapler-jelly-1.236.jar
7f8f42bfc000-7f8f42bfe000 r--s 00007000 fc:01 4140610                    /home/jafa243/.m2/repository/org/kohsuke/stapler/stapler-groovy/1.236/stapler-groovy-1.236.jar
7f8f42bfe000-7f8f42c03000 r--s 0003c000 fc:01 4140608                    /home/jafa243/.m2/repository/org/jenkins-ci/trilead-ssh2/build217-jenkins-8/trilead-ssh2-build217-jenkins-8.jar
7f8f42c03000-7f8f42c04000 r--s 00001000 fc:01 4140600                    /home/jafa243/.m2/repository/org/kohsuke/trilead-putty-extension/1.2/trilead-putty-extension-1.2.jar
7f8f42c04000-7f8f42c09000 r--s 00048000 fc:01 4140598                    /home/jafa243/.m2/repository/com/github/jnr/jnr-constants/0.8.5/jnr-constants-0.8.5.jar
7f8f42c09000-7f8f42c0c000 r--s 00033000 fc:01 4140596                    /home/jafa243/.m2/repository/com/github/jnr/jnr-x86asm/1.0.2/jnr-x86asm-1.0.2.jar
7f8f42c0c000-7f8f42c0e000 r--s 00008000 fc:01 4140594                    /home/jafa243/.m2/repository/org/ow2/asm/asm-util/4.0/asm-util-4.0.jar
7f8f42c0e000-7f8f42c10000 r--s 00004000 fc:01 4140593                    /home/jafa243/.m2/repository/org/ow2/asm/asm-tree/4.0/asm-tree-4.0.jar
7f8f42c10000-7f8f42c11000 r--s 00004000 fc:01 4140582                    /home/jafa243/.m2/repository/org/ow2/asm/asm-analysis/4.0/asm-analysis-4.0.jar
7f8f42c11000-7f8f42c13000 r--s 00008000 fc:01 4140581                    /home/jafa243/.m2/repository/org/ow2/asm/asm-commons/4.0/asm-commons-4.0.jar
7f8f42c13000-7f8f42c15000 r--s 0000a000 fc:01 4140577                    /home/jafa243/.m2/repository/org/ow2/asm/asm/4.0/asm-4.0.jar
7f8f42c15000-7f8f42c17000 r--s 0005d000 fc:01 4140576                    /home/jafa243/.m2/repository/com/github/jnr/jffi/1.2.7/jffi-1.2.7-native.jar
7f8f42c17000-7f8f42c1b000 r--s 00020000 fc:01 4140569                    /home/jafa243/.m2/repository/com/github/jnr/jffi/1.2.7/jffi-1.2.7.jar
7f8f42c1b000-7f8f42c2b000 r--s 0008e000 fc:01 4140527                    /home/jafa243/.m2/repository/com/github/jnr/jnr-ffi/1.0.7/jnr-ffi-1.0.7.jar
7f8f42c2b000-7f8f42c2f000 r--s 00023000 fc:01 4140560                    /home/jafa243/.m2/repository/com/github/jnr/jnr-posix/3.0.1/jnr-posix-3.0.1.jar
7f8f42c2f000-7f8f42c32000 r--s 00014000 fc:01 4140558                    /home/jafa243/.m2/repository/org/jruby/ext/posix/jna-posix/1.0.3-jenkins-1/jna-posix-1.0.3-jenkins-1.jar
7f8f42c32000-7f8f42c34000 r--s 00000000 fc:01 4140556                    /home/jafa243/.m2/repository/aopalliance/aopalliance/1.0/aopalliance-1.0.jar
7f8f42c34000-7f8f42c35000 r--s 00000000 fc:01 4140554                    /home/jafa243/.m2/repository/javax/inject/javax.inject/1/javax.inject-1.jar
7f8f42c35000-7f8f42c55000 r--s 0014c000 fc:01 4140552                    /home/jafa243/.m2/repository/com/google/inject/guice/4.0-beta/guice-4.0-beta.jar
7f8f42c55000-7f8f42c56000 r--s 00000000 fc:01 4140537                    /home/jafa243/.m2/repository/org/jenkins-ci/core-annotation-processors/1.0/core-annotation-processors-1.0.jar
7f8f42c56000-7f8f42c59000 r--s 0001c000 fc:01 4140541                    /home/jafa243/.m2/repository/org/jvnet/hudson/jtidy/4aug2000r7-dev-hudson-1/jtidy-4aug2000r7-dev-hudson-1.jar
7f8f42c59000-7f8f42c5b000 r--s 00000000 fc:01 4140533                    /home/jafa243/.m2/repository/org/jenkins-ci/crypto-util/1.1/crypto-util-1.1.jar
7f8f42c5b000-7f8f42c5c000 r--s 00002000 fc:01 4140529                    /home/jafa243/.m2/repository/org/jenkins-ci/version-number/1.1/version-number-1.1.jar
7f8f42c5c000-7f8f42c5e000 r--s 00008000 fc:01 4139020                    /home/jafa243/Documents/CS-498/MPs/mp3/jenkins/cli/target/cli-1.610-SNAPSHOT.jar
7f8f42c5e000-7f8f42c5f000 r--s 00003000 fc:01 4136947                    /home/jafa243/.m2/repository/org/jenkins-ci/constant-pool-scanner/1.2/constant-pool-scanner-1.2.jar
7f8f42c5f000-7f8f42c68000 r--s 0006c000 fc:01 4136945                    /home/jafa243/.m2/repository/org/jenkins-ci/main/remoting/2.50/remoting-2.50.jar
7f8f42c68000-7f8f42c6a000 r--s 00003000 fc:01 4140525                    /home/jafa243/.m2/repository/org/jenkins-ci/plugins/icon-shim/icon-set/1.0.5/icon-set-1.0.5.jar
7f8f42c6a000-7f8f42c6e000 r--s 00021000 fc:01 4138977                    /home/jafa243/.m2/repository/org/apache/maven/surefire/surefire-api/2.16/surefire-api-2.16.jar
7f8f42c6e000-7f8f42c85000 r-xp 00000000 fc:01 1817044                    /usr/lib/jvm/java-8-openjdk-amd64/jre/lib/amd64/libnet.so
7f8f42c85000-7f8f42e85000 ---p 00017000 fc:01 1817044                    /usr/lib/jvm/java-8-openjdk-amd64/jre/lib/amd64/libnet.so
7f8f42e85000-7f8f42e86000 r--p 00017000 fc:01 1817044                    /usr/lib/jvm/java-8-openjdk-amd64/jre/lib/amd64/libnet.so
7f8f42e86000-7f8f42e87000 rw-p 00018000 fc:01 1817044                    /usr/lib/jvm/java-8-openjdk-amd64/jre/lib/amd64/libnet.so
7f8f42e87000-7f8f42e99000 r-xp 00000000 fc:01 1817045                    /usr/lib/jvm/java-8-openjdk-amd64/jre/lib/amd64/libnio.so
7f8f42e99000-7f8f43098000 ---p 00012000 fc:01 1817045                    /usr/lib/jvm/java-8-openjdk-amd64/jre/lib/amd64/libnio.so
7f8f43098000-7f8f43099000 r--p 00011000 fc:01 1817045                    /usr/lib/jvm/java-8-openjdk-amd64/jre/lib/amd64/libnio.so
7f8f43099000-7f8f4309a000 rw-p 00012000 fc:01 1817045                    /usr/lib/jvm/java-8-openjdk-amd64/jre/lib/amd64/libnio.so
7f8f4309a000-7f8f4309c000 r--s 00008000 fc:01 4138973                    /home/jafa243/.m2/repository/org/apache/maven/surefire/surefire-booter/2.16/surefire-booter-2.16.jar
7f8f4309c000-7f8f4309d000 r--s 00003000 fc:01 4423677                    /home/jafa243/Documents/CS-498/MPs/mp3/jenkins/core/target/surefire/surefirebooter6572497148172184804.jar
7f8f4309d000-7f8f430a0000 r--s 0000f000 fc:01 1818085                    /usr/lib/jvm/java-8-openjdk-amd64/jre/lib/ext/icedtea-sound.jar
7f8f430a0000-7f8f430bb000 r--s 001d6000 fc:01 1820035                    /usr/lib/jvm/java-8-openjdk-amd64/jre/lib/ext/nashorn.jar
7f8f430bb000-7f8f430c5000 r--s 00117000 fc:01 1818087                    /usr/lib/jvm/java-8-openjdk-amd64/jre/lib/ext/localedata.jar
7f8f430c5000-7f8f430cb000 r--s 0003d000 fc:01 1822825                    /usr/lib/jvm/java-8-openjdk-amd64/jre/lib/ext/sunjce_provider.jar
7f8f430cb000-7f8f430e6000 r--s 00394000 fc:01 1818074                    /usr/lib/jvm/java-8-openjdk-amd64/jre/lib/ext/cldrdata.jar
7f8f430e6000-7f8f430e7000 ---p 00000000 00:00 0 
7f8f430e7000-7f8f431e7000 rw-p 00000000 00:00 0 
7f8f431e7000-7f8f431ea000 ---p 00000000 00:00 0 
7f8f431ea000-7f8f432e8000 rw-p 00000000 00:00 0 
7f8f432e8000-7f8f432e9000 ---p 00000000 00:00 0 
7f8f432e9000-7f8f432ec000 ---p 00000000 00:00 0 
7f8f432ec000-7f8f433e9000 rw-p 00000000 00:00 0 
7f8f433e9000-7f8f433ea000 ---p 00000000 00:00 0 
7f8f433ea000-7f8f433ed000 ---p 00000000 00:00 0 
7f8f433ed000-7f8f434ea000 rw-p 00000000 00:00 0 
7f8f434ea000-7f8f434ed000 ---p 00000000 00:00 0 
7f8f434ed000-7f8f435eb000 rw-p 00000000 00:00 0 
7f8f435eb000-7f8f4375e000 r--p 00000000 fc:01 25817                      /usr/lib/locale/C.UTF-8/LC_COLLATE
7f8f4375e000-7f8f438f9000 r--p 00000000 fc:01 38854                      /usr/lib/locale/locale-archive
7f8f438f9000-7f8f438fc000 ---p 00000000 00:00 0 
7f8f438fc000-7f8f439fa000 rw-p 00000000 00:00 0 
7f8f439fa000-7f8f439fd000 ---p 00000000 00:00 0 
7f8f439fd000-7f8f43afb000 rw-p 00000000 00:00 0 
7f8f43afb000-7f8f43afc000 ---p 00000000 00:00 0 
7f8f43afc000-7f8f44000000 rw-p 00000000 00:00 0 
7f8f44000000-7f8f44021000 rw-p 00000000 00:00 0 
7f8f44021000-7f8f48000000 ---p 00000000 00:00 0 
7f8f48000000-7f8f48004000 r--s 0003a000 fc:01 1822826                    /usr/lib/jvm/java-8-openjdk-amd64/jre/lib/ext/sunpkcs11.jar
7f8f48004000-7f8f48005000 r--s 0000a000 fc:01 1818086                    /usr/lib/jvm/java-8-openjdk-amd64/jre/lib/ext/jaccess.jar
7f8f48005000-7f8f48007000 r--s 00007000 fc:01 76117                      /usr/share/java/java-atk-wrapper.jar
7f8f48007000-7f8f48009000 r--s 00001000 fc:01 1818084                    /usr/lib/jvm/java-8-openjdk-amd64/jre/lib/ext/dnsns.jar
7f8f48009000-7f8f4800a000 r--s 00010000 fc:01 1822922                    /usr/lib/jvm/java-8-openjdk-amd64/jre/lib/ext/zipfs.jar
7f8f4800a000-7f8f4800b000 r--s 0000d000 fc:01 1820037                    /usr/lib/jvm/java-8-openjdk-amd64/jre/lib/ext/sunec.jar
7f8f4800b000-7f8f4803c000 r--p 00000000 fc:01 25818                      /usr/lib/locale/C.UTF-8/LC_CTYPE
7f8f4803c000-7f8f48440000 rw-p 00000000 00:00 0 
7f8f48440000-7f8f48612000 r--s 03ca8000 fc:01 1822945                    /usr/lib/jvm/java-8-openjdk-amd64/jre/lib/rt.jar
7f8f48612000-7f8f49000000 rw-p 00000000 00:00 0 
7f8f49000000-7f8f49bf0000 rwxp 00000000 00:00 0 
7f8f49bf0000-7f8f58000000 ---p 00000000 00:00 0 
7f8f58000000-7f8f593aa000 rw-p 00000000 00:00 0 
7f8f593aa000-7f8f5c000000 ---p 00000000 00:00 0 
7f8f5c000000-7f8f5c001000 r--p 00000000 fc:01 25824                      /usr/lib/locale/C.UTF-8/LC_NUMERIC
7f8f5c001000-7f8f5c002000 r--p 00000000 fc:01 25827                      /usr/lib/locale/C.UTF-8/LC_TIME
7f8f5c002000-7f8f5c003000 r--p 00000000 fc:01 25822                      /usr/lib/locale/C.UTF-8/LC_MONETARY
7f8f5c003000-7f8f5c004000 r--p 00000000 fc:01 25821                      /usr/lib/locale/C.UTF-8/LC_MESSAGES/SYS_LC_MESSAGES
7f8f5c004000-7f8f5c005000 r--p 00000000 fc:01 25825                      /usr/lib/locale/C.UTF-8/LC_PAPER
7f8f5c005000-7f8f5e034000 rw-p 00000000 00:00 0 
7f8f5e034000-7f8f5e035000 ---p 00000000 00:00 0 
7f8f5e035000-7f8f5e135000 rw-p 00000000 00:00 0 
7f8f5e135000-7f8f5e136000 ---p 00000000 00:00 0 
7f8f5e136000-7f8f5e249000 rw-p 00000000 00:00 0 
7f8f5e249000-7f8f5e380000 ---p 00000000 00:00 0 
7f8f5e380000-7f8f5e393000 rw-p 00000000 00:00 0 
7f8f5e393000-7f8f5e4c9000 ---p 00000000 00:00 0 
7f8f5e4c9000-7f8f5e536000 rw-p 00000000 00:00 0 
7f8f5e536000-7f8f5e56e000 ---p 00000000 00:00 0 
7f8f5e56e000-7f8f5e59f000 rw-p 00000000 00:00 0 
7f8f5e59f000-7f8f5e92f000 ---p 00000000 00:00 0 
7f8f5e92f000-7f8f5e937000 r-xp 00000000 fc:01 1817052                    /usr/lib/jvm/java-8-openjdk-amd64/jre/lib/amd64/libzip.so
7f8f5e937000-7f8f5eb36000 ---p 00008000 fc:01 1817052                    /usr/lib/jvm/java-8-openjdk-amd64/jre/lib/amd64/libzip.so
7f8f5eb36000-7f8f5eb37000 r--p 00007000 fc:01 1817052                    /usr/lib/jvm/java-8-openjdk-amd64/jre/lib/amd64/libzip.so
7f8f5eb37000-7f8f5eb38000 rw-p 00008000 fc:01 1817052                    /usr/lib/jvm/java-8-openjdk-amd64/jre/lib/amd64/libzip.so
7f8f5eb38000-7f8f5eb43000 r-xp 00000000 fc:01 47531                      /lib/x86_64-linux-gnu/libnss_files-2.27.so
7f8f5eb43000-7f8f5ed42000 ---p 0000b000 fc:01 47531                      /lib/x86_64-linux-gnu/libnss_files-2.27.so
7f8f5ed42000-7f8f5ed43000 r--p 0000a000 fc:01 47531                      /lib/x86_64-linux-gnu/libnss_files-2.27.so
7f8f5ed43000-7f8f5ed44000 rw-p 0000b000 fc:01 47531                      /lib/x86_64-linux-gnu/libnss_files-2.27.so
7f8f5ed44000-7f8f5ed4a000 rw-p 00000000 00:00 0 
7f8f5ed4a000-7f8f5ed61000 r-xp 00000000 fc:01 30395                      /lib/x86_64-linux-gnu/libnsl-2.27.so
7f8f5ed61000-7f8f5ef60000 ---p 00017000 fc:01 30395                      /lib/x86_64-linux-gnu/libnsl-2.27.so
7f8f5ef60000-7f8f5ef61000 r--p 00016000 fc:01 30395                      /lib/x86_64-linux-gnu/libnsl-2.27.so
7f8f5ef61000-7f8f5ef62000 rw-p 00017000 fc:01 30395                      /lib/x86_64-linux-gnu/libnsl-2.27.so
7f8f5ef62000-7f8f5ef64000 rw-p 00000000 00:00 0 
7f8f5ef64000-7f8f5ef6f000 r-xp 00000000 fc:01 47534                      /lib/x86_64-linux-gnu/libnss_nis-2.27.so
7f8f5ef6f000-7f8f5f16e000 ---p 0000b000 fc:01 47534                      /lib/x86_64-linux-gnu/libnss_nis-2.27.so
7f8f5f16e000-7f8f5f16f000 r--p 0000a000 fc:01 47534                      /lib/x86_64-linux-gnu/libnss_nis-2.27.so
7f8f5f16f000-7f8f5f170000 rw-p 0000b000 fc:01 47534                      /lib/x86_64-linux-gnu/libnss_nis-2.27.so
7f8f5f170000-7f8f5f178000 r-xp 00000000 fc:01 47527                      /lib/x86_64-linux-gnu/libnss_compat-2.27.so
7f8f5f178000-7f8f5f378000 ---p 00008000 fc:01 47527                      /lib/x86_64-linux-gnu/libnss_compat-2.27.so
7f8f5f378000-7f8f5f379000 r--p 00008000 fc:01 47527                      /lib/x86_64-linux-gnu/libnss_compat-2.27.so
7f8f5f379000-7f8f5f37a000 rw-p 00009000 fc:01 47527                      /lib/x86_64-linux-gnu/libnss_compat-2.27.so
7f8f5f37a000-7f8f5f3a4000 r-xp 00000000 fc:01 1817015                    /usr/lib/jvm/java-8-openjdk-amd64/jre/lib/amd64/libjava.so
7f8f5f3a4000-7f8f5f5a3000 ---p 0002a000 fc:01 1817015                    /usr/lib/jvm/java-8-openjdk-amd64/jre/lib/amd64/libjava.so
7f8f5f5a3000-7f8f5f5a4000 r--p 00029000 fc:01 1817015                    /usr/lib/jvm/java-8-openjdk-amd64/jre/lib/amd64/libjava.so
7f8f5f5a4000-7f8f5f5a6000 rw-p 0002a000 fc:01 1817015                    /usr/lib/jvm/java-8-openjdk-amd64/jre/lib/amd64/libjava.so
7f8f5f5a6000-7f8f5f5b6000 r-xp 00000000 fc:01 1817051                    /usr/lib/jvm/java-8-openjdk-amd64/jre/lib/amd64/libverify.so
7f8f5f5b6000-7f8f5f7b5000 ---p 00010000 fc:01 1817051                    /usr/lib/jvm/java-8-openjdk-amd64/jre/lib/amd64/libverify.so
7f8f5f7b5000-7f8f5f7b7000 r--p 0000f000 fc:01 1817051                    /usr/lib/jvm/java-8-openjdk-amd64/jre/lib/amd64/libverify.so
7f8f5f7b7000-7f8f5f7b8000 rw-p 00011000 fc:01 1817051                    /usr/lib/jvm/java-8-openjdk-amd64/jre/lib/amd64/libverify.so
7f8f5f7b8000-7f8f5f7bf000 r-xp 00000000 fc:01 47547                      /lib/x86_64-linux-gnu/librt-2.27.so
7f8f5f7bf000-7f8f5f9be000 ---p 00007000 fc:01 47547                      /lib/x86_64-linux-gnu/librt-2.27.so
7f8f5f9be000-7f8f5f9bf000 r--p 00006000 fc:01 47547                      /lib/x86_64-linux-gnu/librt-2.27.so
7f8f5f9bf000-7f8f5f9c0000 rw-p 00007000 fc:01 47547                      /lib/x86_64-linux-gnu/librt-2.27.so
7f8f5f9c0000-7f8f5f9d7000 r-xp 00000000 fc:01 15773                      /lib/x86_64-linux-gnu/libgcc_s.so.1
7f8f5f9d7000-7f8f5fbd6000 ---p 00017000 fc:01 15773                      /lib/x86_64-linux-gnu/libgcc_s.so.1
7f8f5fbd6000-7f8f5fbd7000 r--p 00016000 fc:01 15773                      /lib/x86_64-linux-gnu/libgcc_s.so.1
7f8f5fbd7000-7f8f5fbd8000 rw-p 00017000 fc:01 15773                      /lib/x86_64-linux-gnu/libgcc_s.so.1
7f8f5fbd8000-7f8f5fd75000 r-xp 00000000 fc:01 29621                      /lib/x86_64-linux-gnu/libm-2.27.so
7f8f5fd75000-7f8f5ff74000 ---p 0019d000 fc:01 29621                      /lib/x86_64-linux-gnu/libm-2.27.so
7f8f5ff74000-7f8f5ff75000 r--p 0019c000 fc:01 29621                      /lib/x86_64-linux-gnu/libm-2.27.so
7f8f5ff75000-7f8f5ff76000 rw-p 0019d000 fc:01 29621                      /lib/x86_64-linux-gnu/libm-2.27.so
7f8f5ff76000-7f8f600ef000 r-xp 00000000 fc:01 47831                      /usr/lib/x86_64-linux-gnu/libstdc++.so.6.0.25
7f8f600ef000-7f8f602ef000 ---p 00179000 fc:01 47831                      /usr/lib/x86_64-linux-gnu/libstdc++.so.6.0.25
7f8f602ef000-7f8f602f9000 r--p 00179000 fc:01 47831                      /usr/lib/x86_64-linux-gnu/libstdc++.so.6.0.25
7f8f602f9000-7f8f602fb000 rw-p 00183000 fc:01 47831                      /usr/lib/x86_64-linux-gnu/libstdc++.so.6.0.25
7f8f602fb000-7f8f602ff000 rw-p 00000000 00:00 0 
7f8f602ff000-7f8f60fa7000 r-xp 00000000 fc:01 1817054                    /usr/lib/jvm/java-8-openjdk-amd64/jre/lib/amd64/server/libjvm.so
7f8f60fa7000-7f8f611a7000 ---p 00ca8000 fc:01 1817054                    /usr/lib/jvm/java-8-openjdk-amd64/jre/lib/amd64/server/libjvm.so
7f8f611a7000-7f8f6123b000 r--p 00ca8000 fc:01 1817054                    /usr/lib/jvm/java-8-openjdk-amd64/jre/lib/amd64/server/libjvm.so
7f8f6123b000-7f8f61264000 rw-p 00d3c000 fc:01 1817054                    /usr/lib/jvm/java-8-openjdk-amd64/jre/lib/amd64/server/libjvm.so
7f8f61264000-7f8f61294000 rw-p 00000000 00:00 0 
7f8f61294000-7f8f612ae000 r-xp 00000000 fc:01 47544                      /lib/x86_64-linux-gnu/libpthread-2.27.so
7f8f612ae000-7f8f614ad000 ---p 0001a000 fc:01 47544                      /lib/x86_64-linux-gnu/libpthread-2.27.so
7f8f614ad000-7f8f614ae000 r--p 00019000 fc:01 47544                      /lib/x86_64-linux-gnu/libpthread-2.27.so
7f8f614ae000-7f8f614af000 rw-p 0001a000 fc:01 47544                      /lib/x86_64-linux-gnu/libpthread-2.27.so
7f8f614af000-7f8f614b3000 rw-p 00000000 00:00 0 
7f8f614b3000-7f8f614b6000 r-xp 00000000 fc:01 29619                      /lib/x86_64-linux-gnu/libdl-2.27.so
7f8f614b6000-7f8f616b5000 ---p 00003000 fc:01 29619                      /lib/x86_64-linux-gnu/libdl-2.27.so
7f8f616b5000-7f8f616b6000 r--p 00002000 fc:01 29619                      /lib/x86_64-linux-gnu/libdl-2.27.so
7f8f616b6000-7f8f616b7000 rw-p 00003000 fc:01 29619                      /lib/x86_64-linux-gnu/libdl-2.27.so
7f8f616b7000-7f8f616d3000 r-xp 00000000 fc:01 2187                       /lib/x86_64-linux-gnu/libz.so.1.2.11
7f8f616d3000-7f8f618d2000 ---p 0001c000 fc:01 2187                       /lib/x86_64-linux-gnu/libz.so.1.2.11
7f8f618d2000-7f8f618d3000 r--p 0001b000 fc:01 2187                       /lib/x86_64-linux-gnu/libz.so.1.2.11
7f8f618d3000-7f8f618d4000 rw-p 0001c000 fc:01 2187                       /lib/x86_64-linux-gnu/libz.so.1.2.11
7f8f618d4000-7f8f61abb000 r-xp 00000000 fc:01 13724                      /lib/x86_64-linux-gnu/libc-2.27.so
7f8f61abb000-7f8f61cbb000 ---p 001e7000 fc:01 13724                      /lib/x86_64-linux-gnu/libc-2.27.so
7f8f61cbb000-7f8f61cbf000 r--p 001e7000 fc:01 13724                      /lib/x86_64-linux-gnu/libc-2.27.so
7f8f61cbf000-7f8f61cc1000 rw-p 001eb000 fc:01 13724                      /lib/x86_64-linux-gnu/libc-2.27.so
7f8f61cc1000-7f8f61cc5000 rw-p 00000000 00:00 0 
7f8f61cc5000-7f8f61cd3000 r-xp 00000000 fc:01 1816974                    /usr/lib/jvm/java-8-openjdk-amd64/jre/lib/amd64/jli/libjli.so
7f8f61cd3000-7f8f61ed2000 ---p 0000e000 fc:01 1816974                    /usr/lib/jvm/java-8-openjdk-amd64/jre/lib/amd64/jli/libjli.so
7f8f61ed2000-7f8f61ed3000 r--p 0000d000 fc:01 1816974                    /usr/lib/jvm/java-8-openjdk-amd64/jre/lib/amd64/jli/libjli.so
7f8f61ed3000-7f8f61ed4000 rw-p 0000e000 fc:01 1816974                    /usr/lib/jvm/java-8-openjdk-amd64/jre/lib/amd64/jli/libjli.so
7f8f61ed4000-7f8f61efb000 r-xp 00000000 fc:01 13292                      /lib/x86_64-linux-gnu/ld-2.27.so
7f8f61efb000-7f8f61efc000 r--p 00000000 fc:01 25823                      /usr/lib/locale/C.UTF-8/LC_NAME
7f8f61efc000-7f8f61efd000 r--p 00000000 fc:01 25816                      /usr/lib/locale/C.UTF-8/LC_ADDRESS
7f8f61efd000-7f8f61efe000 r--p 00000000 fc:01 25826                      /usr/lib/locale/C.UTF-8/LC_TELEPHONE
7f8f61efe000-7f8f61eff000 r--p 00000000 fc:01 25820                      /usr/lib/locale/C.UTF-8/LC_MEASUREMENT
7f8f61eff000-7f8f61fd0000 rw-p 00000000 00:00 0 
7f8f61fd0000-7f8f61fd1000 ---p 00000000 00:00 0 
7f8f61fd1000-7f8f61fd4000 ---p 00000000 00:00 0 
7f8f61fd4000-7f8f620d3000 rw-p 00000000 00:00 0 
7f8f620d3000-7f8f620da000 r--s 00000000 fc:01 48023                      /usr/lib/x86_64-linux-gnu/gconv/gconv-modules.cache
7f8f620da000-7f8f620db000 r--p 00000000 fc:01 25819                      /usr/lib/locale/C.UTF-8/LC_IDENTIFICATION
7f8f620db000-7f8f620ef000 rw-p 00000000 00:00 0 
7f8f620ef000-7f8f620f7000 rw-s 00000000 fc:01 3880806                    /tmp/hsperfdata_jafa243/31696
7f8f620f7000-7f8f620f8000 rw-p 00000000 00:00 0 
7f8f620f8000-7f8f620f9000 ---p 00000000 00:00 0 
7f8f620f9000-7f8f620fb000 rw-p 00000000 00:00 0 
7f8f620fb000-7f8f620fc000 r--p 00027000 fc:01 13292                      /lib/x86_64-linux-gnu/ld-2.27.so
7f8f620fc000-7f8f620fd000 rw-p 00028000 fc:01 13292                      /lib/x86_64-linux-gnu/ld-2.27.so
7f8f620fd000-7f8f620fe000 rw-p 00000000 00:00 0 
7ffcad1a9000-7ffcad1ca000 rw-p 00000000 00:00 0                          [stack]
7ffcad1cd000-7ffcad1d0000 r--p 00000000 00:00 0                          [vvar]
7ffcad1d0000-7ffcad1d2000 r-xp 00000000 00:00 0                          [vdso]
ffffffffff600000-ffffffffff601000 r-xp 00000000 00:00 0                  [vsyscall]

VM Arguments:
jvm_args: -XX:MaxPermSize=128m 
java_command: /home/jafa243/Documents/CS-498/MPs/mp3/jenkins/core/target/surefire/surefirebooter6572497148172184804.jar /home/jafa243/Documents/CS-498/MPs/mp3/jenkins/core/target/surefire/surefire6633974394202597156tmp /home/jafa243/Documents/CS-498/MPs/mp3/jenkins/core/target/surefire/surefire_04554296173300924313tmp
java_class_path (initial): /home/jafa243/Documents/CS-498/MPs/mp3/jenkins/core/target/surefire/surefirebooter6572497148172184804.jar
Launcher Type: SUN_STANDARD

Environment Variables:
JAVA_HOME=/usr/lib/jvm/java-8-openjdk-amd64
PATH=/usr/lib/jvm/java-8-openjdk-amd64/jre/bin:/usr/local/sbin:/usr/local/bin:/usr/sbin:/usr/bin:/sbin:/bin:/usr/games:/usr/local/games:/snap/bin
SHELL=/bin/bash

Signal Handlers:
SIGSEGV: [libjvm.so+0xabb430], sa_mask[0]=11111111011111111101111111111110, sa_flags=SA_RESTART|SA_SIGINFO
SIGBUS: [libjvm.so+0xabb430], sa_mask[0]=11111111011111111101111111111110, sa_flags=SA_RESTART|SA_SIGINFO
SIGFPE: [libjvm.so+0x8eb5b0], sa_mask[0]=11111111011111111101111111111110, sa_flags=SA_RESTART|SA_SIGINFO
SIGPIPE: [libjvm.so+0x8eb5b0], sa_mask[0]=11111111011111111101111111111110, sa_flags=SA_RESTART|SA_SIGINFO
SIGXFSZ: [libjvm.so+0x8eb5b0], sa_mask[0]=11111111011111111101111111111110, sa_flags=SA_RESTART|SA_SIGINFO
SIGILL: [libjvm.so+0x8eb5b0], sa_mask[0]=11111111011111111101111111111110, sa_flags=SA_RESTART|SA_SIGINFO
SIGUSR1: SIG_DFL, sa_mask[0]=00000000000000000000000000000000, sa_flags=none
SIGUSR2: [libjvm.so+0x8eb460], sa_mask[0]=00100000000000000000000000000000, sa_flags=SA_RESTART|SA_SIGINFO
SIGHUP: [libjvm.so+0x8ebad0], sa_mask[0]=11111111011111111101111111111110, sa_flags=SA_RESTART|SA_SIGINFO
SIGINT: [libjvm.so+0x8ebad0], sa_mask[0]=11111111011111111101111111111110, sa_flags=SA_RESTART|SA_SIGINFO
SIGTERM: [libjvm.so+0x8ebad0], sa_mask[0]=11111111011111111101111111111110, sa_flags=SA_RESTART|SA_SIGINFO
SIGQUIT: [libjvm.so+0x8ebad0], sa_mask[0]=11111111011111111101111111111110, sa_flags=SA_RESTART|SA_SIGINFO


---------------  S Y S T E M  ---------------

OS:DISTRIB_ID=Ubuntu
DISTRIB_RELEASE=18.04
DISTRIB_CODENAME=bionic
DISTRIB_DESCRIPTION="Ubuntu 18.04.5 LTS"

uname:Linux 4.15.0-112-generic #113-Ubuntu SMP Thu Jul 9 23:41:39 UTC 2020 x86_64
libc:glibc 2.27 NPTL 2.27 
rlimit: STACK 8192k, CORE 0k, NPROC 15517, NOFILE 1048576, AS infinity
load average:2.63 7.15 8.27

/proc/meminfo:
MemTotal:        4039136 kB
MemFree:          113224 kB
MemAvailable:      31448 kB
Buffers:             760 kB
Cached:            40232 kB
SwapCached:            0 kB
Active:          3667576 kB
Inactive:          35540 kB
Active(anon):    3663032 kB
Inactive(anon):    26956 kB
Active(file):       4544 kB
Inactive(file):     8584 kB
Unevictable:          48 kB
Mlocked:              48 kB
SwapTotal:             0 kB
SwapFree:              0 kB
Dirty:                84 kB
Writeback:             0 kB
AnonPages:       3662196 kB
Mapped:            37280 kB
Shmem:             27840 kB
Slab:             130144 kB
SReclaimable:      64536 kB
SUnreclaim:        65608 kB
KernelStack:        9600 kB
PageTables:        40720 kB
NFS_Unstable:          0 kB
Bounce:                0 kB
WritebackTmp:          0 kB
CommitLimit:     2019568 kB
Committed_AS:    7151664 kB
VmallocTotal:   34359738367 kB
VmallocUsed:           0 kB
VmallocChunk:          0 kB
HardwareCorrupted:     0 kB
AnonHugePages:         0 kB
ShmemHugePages:        0 kB
ShmemPmdMapped:        0 kB
CmaTotal:              0 kB
CmaFree:               0 kB
HugePages_Total:       0
HugePages_Free:        0
HugePages_Rsvd:        0
HugePages_Surp:        0
Hugepagesize:       2048 kB
DirectMap4k:      561000 kB
DirectMap2M:     3633152 kB
DirectMap1G:     2097152 kB

container (cgroup) information:
container_type: cgroupv1
cpu_cpuset_cpus: 0-1
cpu_memory_nodes: 0
active_processor_count: 2
cpu_quota: -1
cpu_period: 100000
cpu_shares: -1
memory_limit_in_bytes: -1
memory_and_swap_limit_in_bytes: -2
memory_soft_limit_in_bytes: -1
memory_usage_in_bytes: 3651219456
memory_max_usage_in_bytes: 3757633536


CPU:total 2 (initial active 2) (1 cores per cpu, 1 threads per core) family 6 model 85 stepping 4, cmov, cx8, fxsr, mmx, sse, sse2, sse3, ssse3, sse4.1, sse4.2, popcnt, avx, avx2, aes, clmul, erms, 3dnowpref, lzcnt, tsc, bmi1, bmi2, adx

/proc/cpuinfo:
processor	: 0
vendor_id	: GenuineIntel
cpu family	: 6
model		: 85
model name	: Intel Xeon Processor (Skylake, IBRS)
stepping	: 4
microcode	: 0x1
cpu MHz		: 2095.078
cache size	: 16384 KB
physical id	: 0
siblings	: 1
core id		: 0
cpu cores	: 1
apicid		: 0
initial apicid	: 0
fpu		: yes
fpu_exception	: yes
cpuid level	: 13
wp		: yes
flags		: fpu vme de pse tsc msr pae mce cx8 apic sep mtrr pge mca cmov pat pse36 clflush mmx fxsr sse sse2 ss syscall nx pdpe1gb rdtscp lm constant_tsc rep_good nopl xtopology cpuid tsc_known_freq pni pclmulqdq vmx ssse3 fma cx16 pcid sse4_1 sse4_2 x2apic movbe popcnt tsc_deadline_timer aes xsave avx f16c rdrand hypervisor lahf_lm abm 3dnowprefetch cpuid_fault invpcid_single pti ssbd ibrs ibpb tpr_shadow vnmi flexpriority ept vpid fsgsbase tsc_adjust bmi1 avx2 smep bmi2 erms invpcid mpx avx512f avx512dq rdseed adx smap clflushopt clwb avx512cd avx512bw avx512vl xsaveopt xsavec xgetbv1 xsaves arat pku ospke avx512_vnni md_clear arch_capabilities
bugs		: cpu_meltdown spectre_v1 spectre_v2 spec_store_bypass l1tf mds swapgs itlb_multihit
bogomips	: 4190.15
clflush size	: 64
cache_alignment	: 64
address sizes	: 40 bits physical, 48 bits virtual
power management:

processor	: 1
vendor_id	: GenuineIntel
cpu family	: 6
model		: 85
model name	: Intel Xeon Processor (Skylake, IBRS)
stepping	: 4
microcode	: 0x1
cpu MHz		: 2095.078
cache size	: 16384 KB
physical id	: 1
siblings	: 1
core id		: 0
cpu cores	: 1
apicid		: 1
initial apicid	: 1
fpu		: yes
fpu_exception	: yes
cpuid level	: 13
wp		: yes
flags		: fpu vme de pse tsc msr pae mce cx8 apic sep mtrr pge mca cmov pat pse36 clflush mmx fxsr sse sse2 ss syscall nx pdpe1gb rdtscp lm constant_tsc rep_good nopl xtopology cpuid tsc_known_freq pni pclmulqdq vmx ssse3 fma cx16 pcid sse4_1 sse4_2 x2apic movbe popcnt tsc_deadline_timer aes xsave avx f16c rdrand hypervisor lahf_lm abm 3dnowprefetch cpuid_fault invpcid_single pti ssbd ibrs ibpb tpr_shadow vnmi flexpriority ept vpid fsgsbase tsc_adjust bmi1 avx2 smep bmi2 erms invpcid mpx avx512f avx512dq rdseed adx smap clflushopt clwb avx512cd avx512bw avx512vl xsaveopt xsavec xgetbv1 xsaves arat pku ospke avx512_vnni md_clear arch_capabilities
bugs		: cpu_meltdown spectre_v1 spectre_v2 spec_store_bypass l1tf mds swapgs itlb_multihit
bogomips	: 4190.15
clflush size	: 64
cache_alignment	: 64
address sizes	: 40 bits physical, 48 bits virtual
power management:



Memory: 4k page, physical 4039136k(114684k free), swap 0k(0k free)

vm_info: OpenJDK 64-Bit Server VM (25.265-b01) for linux-amd64 JRE (1.8.0_265-8u265-b01-0ubuntu2~18.04-b01), built on Aug  3 2020 01:16:56 by "buildd" with gcc 7.5.0

time: Tue Oct 27 16:39:59 2020
timezone: EDT
elapsed time: 13 seconds (0d 0h 0m 13s)

